[2020-05-16T15:13:04.874] [DEBUG] cheese - login => username:zs,password:123456
[2020-05-16T15:13:04.877] [DEBUG] cheese - zs
[2020-05-16T15:13:04.944] [DEBUG] cheese - null
[2020-05-16T15:13:04.944] [DEBUG] cheese - null
[2020-05-16T15:13:11.738] [DEBUG] cheese - login => username:admin,password:123456
[2020-05-16T15:13:11.738] [DEBUG] cheese - admin
[2020-05-16T15:13:11.743] [DEBUG] cheese - null
[2020-05-16T15:13:11.743] [DEBUG] cheese - null
[2020-05-16T15:13:54.306] [DEBUG] cheese - login => username:admin,password:123456
[2020-05-16T15:13:54.306] [DEBUG] cheese - admin
[2020-05-16T15:13:54.309] [DEBUG] cheese - null
[2020-05-16T15:13:54.309] [DEBUG] cheese - null
[2020-05-16T15:13:55.322] [DEBUG] cheese - login => username:admin,password:123456
[2020-05-16T15:13:55.322] [DEBUG] cheese - admin
[2020-05-16T15:13:55.325] [DEBUG] cheese - null
[2020-05-16T15:13:55.325] [DEBUG] cheese - null
[2020-05-16T15:13:59.112] [DEBUG] cheese - login => username:admin,password:123456
[2020-05-16T15:13:59.112] [DEBUG] cheese - admin
[2020-05-16T15:13:59.114] [DEBUG] cheese - null
[2020-05-16T15:13:59.114] [DEBUG] cheese - null
[2020-05-19T18:30:37.351] [DEBUG] cheese - login => username:admin,password:123456
[2020-05-19T18:30:37.352] [DEBUG] cheese - admin
[2020-05-19T18:30:37.367] [DEBUG] cheese - null
[2020-05-19T18:30:37.367] [DEBUG] cheese - null
[2020-05-19T18:42:09.572] [DEBUG] cheese - login => username:admin,password:123456
[2020-05-19T18:42:09.572] [DEBUG] cheese - admin
[2020-05-19T18:42:09.576] [DEBUG] cheese - null
[2020-05-19T18:42:09.576] [DEBUG] cheese - null
[2020-05-19T18:42:32.012] [DEBUG] cheese - login => username:admin,password:123456
[2020-05-19T18:42:32.012] [DEBUG] cheese - admin
[2020-05-19T18:42:32.015] [DEBUG] cheese - null
[2020-05-19T18:42:32.015] [DEBUG] cheese - null
[2020-05-19T18:42:56.156] [DEBUG] cheese - login => username:admin,password:123456
[2020-05-19T18:42:56.156] [DEBUG] cheese - admin
[2020-05-19T18:42:56.158] [DEBUG] cheese - null
[2020-05-19T18:42:56.158] [DEBUG] cheese - null
[2020-05-19T18:43:51.099] [DEBUG] cheese - login => username:admin,password:123456
[2020-05-19T18:43:51.099] [DEBUG] cheese - admin
[2020-05-19T18:43:51.101] [DEBUG] cheese - null
[2020-05-19T18:43:51.101] [DEBUG] cheese - null
[2020-05-19T18:44:11.424] [DEBUG] cheese - login => username:admin,password:123456
[2020-05-19T18:44:11.424] [DEBUG] cheese - admin
[2020-05-19T18:44:11.426] [DEBUG] cheese - null
[2020-05-19T18:44:11.426] [DEBUG] cheese - null
[2020-05-19T18:44:53.854] [DEBUG] cheese - login => username:admin,password:123456
[2020-05-19T18:44:53.854] [DEBUG] cheese - admin
[2020-05-19T18:44:53.856] [DEBUG] cheese - null
[2020-05-19T18:44:53.857] [DEBUG] cheese - null
[2020-05-19T18:44:55.257] [DEBUG] cheese - login => username:admin,password:123456
[2020-05-19T18:44:55.257] [DEBUG] cheese - admin
[2020-05-19T18:44:55.259] [DEBUG] cheese - null
[2020-05-19T18:44:55.259] [DEBUG] cheese - null
[2020-05-19T18:45:13.357] [DEBUG] cheese - login => username:admin,password:123456
[2020-05-19T18:45:13.357] [DEBUG] cheese - admin
[2020-05-19T18:45:13.359] [DEBUG] cheese - null
[2020-05-19T18:45:13.359] [DEBUG] cheese - null
[2020-05-20T09:14:46.180] [DEBUG] cheese - login => username:admin,password:123456
[2020-05-20T09:14:46.181] [DEBUG] cheese - admin
[2020-05-20T09:14:46.187] [DEBUG] cheese - null
[2020-05-20T09:14:46.188] [DEBUG] cheese - null
[2020-05-20T18:42:54.648] [DEBUG] cheese - login => username:admin,password:123456
[2020-05-20T18:42:54.648] [DEBUG] cheese - admin
[2020-05-20T18:42:54.723] [DEBUG] cheese - null
[2020-05-20T18:42:54.723] [DEBUG] cheese - null
[2020-05-20T18:44:03.265] [DEBUG] cheese - login => username:admin,password:123456
[2020-05-20T18:44:03.265] [DEBUG] cheese - admin
[2020-05-20T18:44:03.267] [DEBUG] cheese - null
[2020-05-20T18:44:03.268] [DEBUG] cheese - null
[2020-05-20T18:44:50.049] [DEBUG] cheese - login => username:admin,password:123456
[2020-05-20T18:44:50.049] [DEBUG] cheese - admin
[2020-05-20T18:44:50.052] [DEBUG] cheese - null
[2020-05-20T18:44:50.052] [DEBUG] cheese - null
[2020-05-20T18:45:22.272] [DEBUG] cheese - login => username:admin,password:123456
[2020-05-20T18:45:22.273] [DEBUG] cheese - admin
[2020-05-20T18:45:22.277] [DEBUG] cheese - null
[2020-05-20T18:45:22.277] [DEBUG] cheese - null
[2020-05-20T18:49:30.406] [DEBUG] cheese - login => username:admin,password:123456
[2020-05-20T18:49:30.406] [DEBUG] cheese - admin
[2020-05-20T18:49:30.414] [DEBUG] cheese - null
[2020-05-20T18:49:30.414] [DEBUG] cheese - null
[2020-05-20T18:50:24.482] [DEBUG] cheese - login => username:admin,password:123456
[2020-05-20T18:50:24.482] [DEBUG] cheese - admin
[2020-05-20T18:50:24.484] [DEBUG] cheese - null
[2020-05-20T18:50:24.484] [DEBUG] cheese - null
[2020-05-20T18:50:37.157] [DEBUG] cheese - login => username:admin,password:123456
[2020-05-20T18:50:37.157] [DEBUG] cheese - admin
[2020-05-20T18:50:37.160] [DEBUG] cheese - null
[2020-05-20T18:50:37.160] [DEBUG] cheese - null
[2020-05-20T18:59:22.486] [DEBUG] cheese - login => username:admin,password:123456
[2020-05-20T18:59:22.486] [DEBUG] cheese - admin
[2020-05-20T18:59:22.491] [DEBUG] cheese - null
[2020-05-20T18:59:22.491] [DEBUG] cheese - null
[2020-05-20T18:59:42.664] [DEBUG] cheese - login => username:admin,password:123456
[2020-05-20T18:59:42.665] [DEBUG] cheese - admin
[2020-05-20T18:59:42.666] [DEBUG] cheese - null
[2020-05-20T18:59:42.666] [DEBUG] cheese - null
[2020-05-21T10:17:32.805] [DEBUG] cheese - login => username:admin,password:123456
[2020-05-21T10:17:32.805] [DEBUG] cheese - admin
[2020-05-21T10:17:32.831] [DEBUG] cheese - null
[2020-05-21T10:17:32.831] [DEBUG] cheese - null
[2020-05-22T10:25:43.374] [DEBUG] cheese - login => username:admin,password:123456
[2020-05-22T10:25:43.374] [DEBUG] cheese - admin
[2020-05-22T10:25:43.489] [DEBUG] cheese - null
[2020-05-22T10:25:43.489] [DEBUG] cheese - null
[2020-05-22T17:40:03.310] [DEBUG] cheese - login => username:admin,password:123456
[2020-05-22T17:40:03.310] [DEBUG] cheese - admin
[2020-05-22T17:40:03.324] [DEBUG] cheese - null
[2020-05-22T17:40:03.325] [DEBUG] cheese - null
[2020-05-23T09:43:20.660] [DEBUG] cheese - login => username:admin,password:123456
[2020-05-23T09:43:20.662] [DEBUG] cheese - admin
[2020-05-23T09:43:20.670] [DEBUG] cheese - null
[2020-05-23T09:43:20.670] [DEBUG] cheese - null
[2020-05-23T14:30:36.339] [DEBUG] cheese - login => username:admin,password:123456
[2020-05-23T14:30:36.340] [DEBUG] cheese - admin
[2020-05-23T14:30:36.349] [DEBUG] cheese - null
[2020-05-23T14:30:36.350] [DEBUG] cheese - null
[2020-05-23T15:01:47.753] [DEBUG] cheese - login => username:admin,password:123456
[2020-05-23T15:01:47.754] [DEBUG] cheese - admin
[2020-05-23T15:01:47.760] [DEBUG] cheese - null
[2020-05-23T15:01:47.760] [DEBUG] cheese - null
[2020-05-23T15:06:25.933] [DEBUG] cheese - login => username:admin,password:123456
[2020-05-23T15:06:25.934] [DEBUG] cheese - admin
[2020-05-23T15:06:25.938] [DEBUG] cheese - null
[2020-05-23T15:06:25.938] [DEBUG] cheese - null
[2020-05-23T15:08:02.957] [DEBUG] cheese - login => username:admin,password:123456
[2020-05-23T15:08:02.958] [DEBUG] cheese - admin
[2020-05-23T15:08:02.960] [DEBUG] cheese - null
[2020-05-23T15:08:02.960] [DEBUG] cheese - null
[2020-05-25T08:57:25.522] [DEBUG] cheese - login => username:admin,password:123456
[2020-05-25T08:57:25.522] [DEBUG] cheese - admin
[2020-05-25T08:57:25.532] [DEBUG] cheese - null
[2020-05-25T08:57:25.532] [DEBUG] cheese - null
[2020-05-27T09:10:52.254] [DEBUG] cheese - login => username:admin,password:123456
[2020-05-27T09:10:52.256] [DEBUG] cheese - admin
[2020-05-27T09:10:52.304] [DEBUG] cheese - null
[2020-05-27T09:10:52.305] [DEBUG] cheese - null
[2020-05-27T09:17:29.078] [DEBUG] cheese - login => username:admin,password:123456
[2020-05-27T09:17:29.078] [DEBUG] cheese - admin
[2020-05-27T09:17:29.082] [DEBUG] cheese - null
[2020-05-27T09:17:29.082] [DEBUG] cheese - null
[2020-05-27T15:07:12.870] [DEBUG] cheese - login => username:admin,password:123456
[2020-05-27T15:07:12.871] [DEBUG] cheese - admin
[2020-05-27T15:07:12.885] [DEBUG] cheese - null
[2020-05-27T15:07:12.886] [DEBUG] cheese - null
[2020-05-29T09:49:55.275] [DEBUG] cheese - login => username:admin,password:123456
[2020-05-29T09:49:55.276] [DEBUG] cheese - admin
[2020-05-29T09:49:55.289] [DEBUG] cheese - null
[2020-05-29T09:49:55.290] [DEBUG] cheese - null
[2020-05-29T14:21:00.358] [DEBUG] cheese - null
[2020-05-29T14:24:43.335] [DEBUG] cheese - null
[2020-05-29T14:26:32.219] [DEBUG] cheese - null
[2020-05-29T14:32:30.948] [DEBUG] cheese - null
[2020-05-29T14:33:04.262] [DEBUG] cheese - null
[2020-05-29T14:36:18.097] [DEBUG] cheese - null
[2020-05-29T14:36:21.130] [DEBUG] cheese - null
[2020-05-29T17:45:45.459] [DEBUG] cheese - login => username:admin,password:123456
[2020-05-29T17:45:45.460] [DEBUG] cheese - admin
[2020-05-29T17:45:45.487] [DEBUG] cheese - null
[2020-05-29T17:45:45.488] [DEBUG] cheese - null
[2020-05-29T19:05:08.233] [DEBUG] cheese - login => username:zhangyong,password:123456
[2020-05-29T19:05:08.233] [DEBUG] cheese - zhangyong
[2020-05-29T19:05:08.236] [DEBUG] cheese - null
[2020-05-29T19:05:08.236] [DEBUG] cheese - null
[2020-05-29T19:05:16.057] [DEBUG] cheese - login => username:admin,password:123456
[2020-05-29T19:05:16.057] [DEBUG] cheese - admin
[2020-05-29T19:05:16.059] [DEBUG] cheese - null
[2020-05-29T19:05:16.059] [DEBUG] cheese - null
[2020-05-29T19:05:42.090] [DEBUG] cheese - login => username:zhangyong,password:123456
[2020-05-29T19:05:42.090] [DEBUG] cheese - zhangyong
[2020-05-29T19:05:42.094] [DEBUG] cheese - null
[2020-05-29T19:05:42.094] [DEBUG] cheese - null
[2020-05-29T19:05:45.318] [DEBUG] cheese - login => username:admin,password:123456
[2020-05-29T19:05:45.318] [DEBUG] cheese - admin
[2020-05-29T19:05:45.320] [DEBUG] cheese - null
[2020-05-29T19:05:45.320] [DEBUG] cheese - null
[2020-05-29T19:05:51.985] [DEBUG] cheese - login => username:linken,password:123456
[2020-05-29T19:05:51.985] [DEBUG] cheese - linken
[2020-05-29T19:05:51.987] [DEBUG] cheese - null
[2020-05-29T19:05:51.987] [DEBUG] cheese - null
[2020-05-29T19:05:57.204] [DEBUG] cheese - login => username:admin,password:123456
[2020-05-29T19:05:57.204] [DEBUG] cheese - admin
[2020-05-29T19:05:57.206] [DEBUG] cheese - null
[2020-05-29T19:05:57.206] [DEBUG] cheese - null
[2020-05-30T17:35:43.177] [DEBUG] cheese - login => username:admin,password:123456
[2020-05-30T17:35:43.177] [DEBUG] cheese - admin
[2020-05-30T17:35:43.181] [DEBUG] cheese - null
[2020-05-30T17:35:43.181] [DEBUG] cheese - null
[2020-06-01T09:13:30.995] [DEBUG] cheese - login => username:admin,password:123456
[2020-06-01T09:13:30.996] [DEBUG] cheese - admin
[2020-06-01T09:13:31.003] [DEBUG] cheese - null
[2020-06-01T09:13:31.003] [DEBUG] cheese - null
[2020-06-01T09:58:24.808] [DEBUG] cheese - login => username:admin,password:123456
[2020-06-01T09:58:24.809] [DEBUG] cheese - admin
[2020-06-01T09:58:24.814] [DEBUG] cheese - null
[2020-06-01T09:58:24.815] [DEBUG] cheese - null
[2020-06-01T18:36:35.725] [DEBUG] cheese - login => username:admin,password:123456
[2020-06-01T18:36:35.726] [DEBUG] cheese - admin
[2020-06-01T18:36:35.736] [DEBUG] cheese - null
[2020-06-01T18:36:35.736] [DEBUG] cheese - null
[2020-06-01T18:37:15.897] [DEBUG] cheese - null
[2020-06-02T17:26:48.441] [DEBUG] cheese - login => username:admin,password:123456
[2020-06-02T17:26:48.441] [DEBUG] cheese - admin
[2020-06-02T17:26:48.461] [DEBUG] cheese - null
[2020-06-02T17:26:48.462] [DEBUG] cheese - null
[2020-06-03T09:16:19.935] [DEBUG] cheese - login => username:admin,password:123456
[2020-06-03T09:16:19.936] [DEBUG] cheese - admin
[2020-06-03T09:16:19.950] [DEBUG] cheese - null
[2020-06-03T09:16:19.950] [DEBUG] cheese - null
[2020-06-03T10:02:07.075] [DEBUG] cheese - login => username:admin,password:123456
[2020-06-03T10:02:07.076] [DEBUG] cheese - admin
[2020-06-03T10:02:07.084] [DEBUG] cheese - null
[2020-06-03T10:02:07.084] [DEBUG] cheese - null
[2020-06-05T14:20:28.240] [DEBUG] cheese - login => username:admin,password:123456
[2020-06-05T14:20:28.241] [DEBUG] cheese - admin
[2020-06-05T14:20:28.254] [DEBUG] cheese - null
[2020-06-05T14:20:28.254] [DEBUG] cheese - null
[2020-06-06T11:59:28.463] [DEBUG] cheese - login => username:admin,password:123456
[2020-06-06T11:59:28.464] [DEBUG] cheese - admin
[2020-06-06T11:59:28.469] [DEBUG] cheese - null
[2020-06-06T11:59:28.469] [DEBUG] cheese - null
[2020-06-10T17:04:21.318] [DEBUG] cheese - login => username:admin,password:123456
[2020-06-10T17:04:21.319] [DEBUG] cheese - admin
[2020-06-10T17:04:21.331] [DEBUG] cheese - null
[2020-06-10T17:04:21.332] [DEBUG] cheese - null
[2020-06-12T09:46:22.578] [DEBUG] cheese - login => username:admin,password:123456
[2020-06-12T09:46:22.580] [DEBUG] cheese - admin
[2020-06-12T09:46:22.597] [DEBUG] cheese - null
[2020-06-12T09:46:22.598] [DEBUG] cheese - null
[2020-06-15T15:05:36.082] [DEBUG] cheese - login => username:admin,password:123456
[2020-06-15T15:05:36.083] [DEBUG] cheese - admin
[2020-06-15T15:05:36.096] [DEBUG] cheese - null
[2020-06-15T15:05:36.096] [DEBUG] cheese - null
[2020-06-16T11:17:44.900] [DEBUG] cheese - login => username:admin,password:123456
[2020-06-16T11:17:44.901] [DEBUG] cheese - admin
[2020-06-16T11:17:44.916] [DEBUG] cheese - null
[2020-06-16T11:17:44.916] [DEBUG] cheese - null
[2020-06-16T18:39:39.794] [DEBUG] cheese - login => username:admin,password:123456
[2020-06-16T18:39:39.795] [DEBUG] cheese - admin
[2020-06-16T18:39:39.799] [DEBUG] cheese - null
[2020-06-16T18:39:39.799] [DEBUG] cheese - null
[2020-06-17T09:16:42.229] [DEBUG] cheese - login => username:admin,password:123456
[2020-06-17T09:16:42.230] [DEBUG] cheese - admin
[2020-06-17T09:16:42.241] [DEBUG] cheese - null
[2020-06-17T09:16:42.242] [DEBUG] cheese - null
[2020-06-17T09:17:24.650] [DEBUG] cheese - null
[2020-06-18T09:00:50.608] [DEBUG] cheese - login => username:admin,password:123456
[2020-06-18T09:00:50.609] [DEBUG] cheese - admin
[2020-06-18T09:00:50.621] [DEBUG] cheese - null
[2020-06-18T09:00:50.622] [DEBUG] cheese - null
[2020-06-18T16:42:45.824] [DEBUG] cheese - login => username:admin,password:123456
[2020-06-18T16:42:45.825] [DEBUG] cheese - admin
[2020-06-18T16:42:45.832] [DEBUG] cheese - null
[2020-06-18T16:42:45.832] [DEBUG] cheese - null
[2020-06-19T09:14:05.098] [DEBUG] cheese - login => username:admin,password:123456
[2020-06-19T09:14:05.099] [DEBUG] cheese - admin
[2020-06-19T09:14:05.105] [DEBUG] cheese - null
[2020-06-19T09:14:05.105] [DEBUG] cheese - null
[2020-06-19T10:09:59.832] [DEBUG] cheese - null
[2020-06-19T10:10:46.170] [DEBUG] cheese - null
[2020-06-20T09:28:01.136] [DEBUG] cheese - login => username:admin,password:123456
[2020-06-20T09:28:01.137] [DEBUG] cheese - admin
[2020-06-20T09:28:01.148] [DEBUG] cheese - null
[2020-06-20T09:28:01.149] [DEBUG] cheese - null
[2020-06-20T12:02:20.319] [DEBUG] cheese - login => username:admin,password:123456
[2020-06-20T12:02:20.320] [DEBUG] cheese - admin
[2020-06-20T12:02:20.323] [DEBUG] cheese - null
[2020-06-20T12:02:20.323] [DEBUG] cheese - null
[2020-06-20T15:18:51.535] [DEBUG] cheese - login => username:admin,password:123456
[2020-06-20T15:18:51.535] [DEBUG] cheese - admin
[2020-06-20T15:18:51.540] [DEBUG] cheese - null
[2020-06-20T15:18:51.540] [DEBUG] cheese - null
[2020-06-20T16:41:59.014] [DEBUG] cheese - login => username:admin,password:123456
[2020-06-20T16:41:59.015] [DEBUG] cheese - admin
[2020-06-20T16:41:59.021] [DEBUG] cheese - null
[2020-06-20T16:41:59.022] [DEBUG] cheese - null
[2020-06-20T18:23:27.132] [DEBUG] cheese - login => username:admin,password:123456
[2020-06-20T18:23:27.132] [DEBUG] cheese - admin
[2020-06-20T18:23:27.136] [DEBUG] cheese - null
[2020-06-20T18:23:27.136] [DEBUG] cheese - null
[2020-06-20T18:26:59.215] [DEBUG] cheese - login => username:admin,password:123456
[2020-06-20T18:26:59.215] [DEBUG] cheese - admin
[2020-06-20T18:26:59.217] [DEBUG] cheese - null
[2020-06-20T18:26:59.217] [DEBUG] cheese - null
[2020-06-20T18:56:13.357] [DEBUG] cheese - login => username:admin,password:123456
[2020-06-20T18:56:13.358] [DEBUG] cheese - admin
[2020-06-20T18:56:13.364] [DEBUG] cheese - null
[2020-06-20T18:56:13.364] [DEBUG] cheese - null
[2020-06-21T11:05:25.345] [DEBUG] cheese - login => username:admin,password:123456
[2020-06-21T11:05:25.346] [DEBUG] cheese - admin
[2020-06-21T11:05:25.363] [DEBUG] cheese - null
[2020-06-21T11:05:25.364] [DEBUG] cheese - null
[2020-06-21T11:55:54.935] [DEBUG] cheese - login => username:admin,password:123456
[2020-06-21T11:55:54.936] [DEBUG] cheese - admin
[2020-06-21T11:55:54.944] [DEBUG] cheese - null
[2020-06-21T11:55:54.944] [DEBUG] cheese - null
[2020-06-21T14:49:41.008] [DEBUG] cheese - login => username:admin,password:123456
[2020-06-21T14:49:41.009] [DEBUG] cheese - admin
[2020-06-21T14:49:41.013] [DEBUG] cheese - null
[2020-06-21T14:49:41.013] [DEBUG] cheese - null
[2020-06-21T16:06:59.029] [DEBUG] cheese - login => username:admin,password:123456
[2020-06-21T16:06:59.030] [DEBUG] cheese - admin
[2020-06-21T16:06:59.035] [DEBUG] cheese - null
[2020-06-21T16:06:59.035] [DEBUG] cheese - null
[2020-06-21T16:15:53.754] [DEBUG] cheese - login => username:admin,password:123456
[2020-06-21T16:15:53.754] [DEBUG] cheese - admin
[2020-06-21T16:15:53.757] [DEBUG] cheese - null
[2020-06-21T16:15:53.757] [DEBUG] cheese - null
[2020-06-21T16:19:26.631] [DEBUG] cheese - login => username:admin,password:123456
[2020-06-21T16:19:26.633] [DEBUG] cheese - admin
[2020-06-21T16:19:26.635] [DEBUG] cheese - null
[2020-06-21T16:19:26.635] [DEBUG] cheese - null
[2020-06-22T11:24:06.298] [DEBUG] cheese - login => username:admin,password:123456
[2020-06-22T11:24:06.299] [DEBUG] cheese - admin
[2020-06-22T11:24:06.311] [DEBUG] cheese - null
[2020-06-22T11:24:06.312] [DEBUG] cheese - null
[2020-08-11T20:58:54.760] [DEBUG] cheese - login => username:admin,password:123456
[2020-08-11T20:58:54.761] [DEBUG] cheese - admin
[2020-08-11T20:58:55.051] [DEBUG] cheese - null
[2020-08-11T20:58:55.052] [DEBUG] cheese - null
[2020-08-11T20:58:55.141] [DEBUG] cheese - login => username:admin,password:123456
[2020-08-11T20:58:55.141] [DEBUG] cheese - admin
[2020-08-11T20:58:55.156] [DEBUG] cheese - null
[2020-08-11T20:58:55.156] [DEBUG] cheese - null
[2020-08-11T21:24:02.550] [DEBUG] cheese - login => username:admin,password:123456
[2020-08-11T21:24:02.550] [DEBUG] cheese - admin
[2020-08-11T21:24:03.752] [DEBUG] cheese - null
[2020-08-11T21:24:03.752] [DEBUG] cheese - null
[2020-11-09T16:00:17.501] [DEBUG] cheese - login => username:admin,password:123456
[2020-11-09T16:00:17.502] [DEBUG] cheese - admin
[2020-11-09T16:00:17.515] [DEBUG] cheese - null
[2020-11-09T16:00:17.515] [DEBUG] cheese - null
[2020-11-09T16:05:47.605] [DEBUG] cheese - login => username:admin,password:123456
[2020-11-09T16:05:47.606] [DEBUG] cheese - admin
[2020-11-09T16:05:47.614] [DEBUG] cheese - null
[2020-11-09T16:05:47.614] [DEBUG] cheese - null
[2020-11-23T11:06:34.585] [DEBUG] cheese - login => username:admin,password:123456
[2020-11-23T11:06:34.587] [DEBUG] cheese - admin
[2020-11-23T11:06:34.600] [DEBUG] cheese - null
[2020-11-23T11:06:34.600] [DEBUG] cheese - null
[2020-11-23T11:07:06.236] [DEBUG] cheese - null
